<?xml version="1.0" encoding="UTF-8"?>
<!-- Generated by org.testng.reporters.JUnitReportReporter -->
<testsuite hostname="Bharaths-MacBook-Pro.local" failures="0" tests="1" name="tests.rest.TC001_SearchUser" time="1.800" errors="0" timestamp="2022-07-31T22:44:52 CEST" skipped="0">
  <testcase classname="tests.rest.TC001_SearchUser" name="searchUser" time="1.800"/>
  <system-out/>
</testsuite> <!-- tests.rest.TC001_SearchUser -->
