<?xml version="1.0" encoding="UTF-8"?>
<!-- Generated by org.testng.reporters.JUnitReportReporter -->
<testsuite hostname="Bharaths-MacBook-Pro.local" failures="0" tests="1" name="tests.rest.TC003_SearchComments" time="0.127" errors="0" timestamp="2022-07-31T22:44:52 CEST" skipped="0">
  <testcase classname="tests.rest.TC003_SearchComments" name="searchUserPostsComments" time="0.127"/>
  <system-out/>
</testsuite> <!-- tests.rest.TC003_SearchComments -->
